[debug] [2021-04-11T10:02:17.075Z] ----------------------------------------------------------------------
[debug] [2021-04-11T10:02:17.077Z] Command:       D:\node.exe C:\Users\Himu BaBa\AppData\Roaming\npm\node_modules\firebase-tools\lib\bin\firebase.js init
[debug] [2021-04-11T10:02:17.078Z] CLI Version:   9.9.0
[debug] [2021-04-11T10:02:17.078Z] Platform:      win32
[debug] [2021-04-11T10:02:17.078Z] Node Version:  v14.15.0
[debug] [2021-04-11T10:02:17.079Z] Time:          Sun Apr 11 2021 15:32:17 GMT+0530 (India Standard Time)
[debug] [2021-04-11T10:02:17.079Z] ----------------------------------------------------------------------
[debug] 
[debug] [2021-04-11T10:02:17.087Z] > command requires scopes: ["email","openid","https://www.googleapis.com/auth/cloudplatformprojects.readonly","https://www.googleapis.com/auth/firebase","https://www.googleapis.com/auth/cloud-platform"]
[debug] [2021-04-11T10:02:17.087Z] > authorizing via signed-in user (himanshu.saxena.india@gmail.com)
[info] 
     ######## #### ########  ######## ########     ###     ######  ########
     ##        ##  ##     ## ##       ##     ##  ##   ##  ##       ##
     ######    ##  ########  ######   ########  #########  ######  ######
     ##        ##  ##    ##  ##       ##     ## ##     ##       ## ##
     ##       #### ##     ## ######## ########  ##     ##  ######  ########

You're about to initialize a Firebase project in this directory:

  D:\todoapp

[info] 
=== Project Setup
[info] 
[info] First, let's associate this project directory with a Firebase project.
[info] You can create multiple project aliases by running firebase use --add, 
[info] but for now we'll just set up a default project.
[info] 
[debug] [2021-04-11T10:02:52.189Z] >>> [apiv2][query] GET https://firebase.googleapis.com/v1beta1/projects pageSize=100
[debug] [2021-04-11T10:02:53.234Z] <<< [apiv2][status] GET https://firebase.googleapis.com/v1beta1/projects 200
[debug] [2021-04-11T10:02:53.234Z] <<< [apiv2][body] GET https://firebase.googleapis.com/v1beta1/projects [omitted]
[info] i  Using project todoapp-e8fb9 (todoApp) 
[info] 
=== Hosting Setup
[info] 
[info] Your public directory is the folder (relative to your project directory) that
[info] will contain Hosting assets to be uploaded with firebase deploy. If you
[info] have a build process for your assets, use your build's output directory.
[info] 
[info] +  Wrote build/404.html 
[debug] [2021-04-11T10:03:59.015Z] >>> [apiv2][query] GET https://www.gstatic.com/firebasejs/releases.json [none]
[debug] [2021-04-11T10:03:59.448Z] <<< [apiv2][status] GET https://www.gstatic.com/firebasejs/releases.json 200
[debug] [2021-04-11T10:03:59.448Z] <<< [apiv2][body] GET https://www.gstatic.com/firebasejs/releases.json {"current":{"version":"8.3.3","browserURL":"https://www.gstatic.com/firebasejs/8.3.3/firebase.js","packageURL":"https://www.gstatic.com/firebasejs/8.3.3/firebase.tgz"},"live":{"version":"8.3","browserURL":"https://www.gstatic.com/firebasejs/live/8.3/firebase.js","packageURL":"https://www.gstatic.com/firebasejs/live/8.3/firebase.tgz"},"components":{"analytics":"https://www.gstatic.com/firebasejs/8.3.3/firebase-analytics.js","app":"https://www.gstatic.com/firebasejs/8.3.3/firebase-app.js","auth":"https://www.gstatic.com/firebasejs/8.3.3/firebase-auth.js","database":"https://www.gstatic.com/firebasejs/8.3.3/firebase-database.js","firestore":"https://www.gstatic.com/firebasejs/8.3.3/firebase-firestore.js","functions":"https://www.gstatic.com/firebasejs/8.3.3/firebase-functions.js","installations":"https://www.gstatic.com/firebasejs/8.3.3/firebase-installations.js","messaging":"https://www.gstatic.com/firebasejs/8.3.3/firebase-messaging.js","storage":"https://www.gstatic.com/firebasejs/8.3.3/firebase-storage.js","performance":"https://www.gstatic.com/firebasejs/8.3.3/firebase-performance.js","remote-config":"https://www.gstatic.com/firebasejs/8.3.3/firebase-remote-config.js","firestore.memory":"https://www.gstatic.com/firebasejs/8.3.3/firebase-firestore.memory.js"}}
[info] +  Wrote build/index.html 
[info] 
[info] i  Detected a .git folder at D:\todoapp 
[info] i  Authorizing with GitHub to upload your service account to a GitHub repository's secrets store. 
[info] 
[info] Visit this URL on this device to log in:
[info] https://github.com/login/oauth/authorize?client_id=89cf50f02ac6aaed3484&state=427548940&redirect_uri=http%3A%2F%2Flocalhost%3A9005&scope=read%3Auser%20repo%20public_repo
[info] 
[info] Waiting for authentication...
[debug] [2021-04-11T10:04:06.344Z] >>> HTTP REQUEST POST https://github.com/login/oauth/access_token  
 {"client_id":"89cf50f02ac6aaed3484","client_secret":"3330d14abc895d9a74d5f17cd7a00711fa2c5bf0","code":"ed161ab9c4b59f8c51e3","redirect_uri":"http://localhost:9005","state":"427548940"}
[debug] [2021-04-11T10:04:07.262Z] <<< HTTP RESPONSE 200 {"server":"GitHub.com","date":"Sun, 11 Apr 2021 10:04:06 GMT","content-type":"application/json; charset=utf-8","transfer-encoding":"chunked","vary":"X-PJAX, Accept-Encoding, Accept, X-Requested-With","etag":"W/\"40e4861921e72fc0a89aa124ff48aef9\"","cache-control":"max-age=0, private, must-revalidate","strict-transport-security":"max-age=31536000; includeSubdomains; preload","x-frame-options":"deny","x-content-type-options":"nosniff","x-xss-protection":"0","referrer-policy":"origin-when-cross-origin, strict-origin-when-cross-origin","expect-ct":"max-age=2592000, report-uri=\"https://api.github.com/_private/browser/errors\"","content-security-policy":"default-src 'none'; base-uri 'self'; block-all-mixed-content; connect-src 'self' uploads.github.com www.githubstatus.com collector.githubapp.com api.github.com github-cloud.s3.amazonaws.com github-production-repository-file-5c1aeb.s3.amazonaws.com github-production-upload-manifest-file-7fdce7.s3.amazonaws.com github-production-user-asset-6210df.s3.amazonaws.com cdn.optimizely.com logx.optimizely.com/v1/events wss://alive.github.com; font-src github.githubassets.com; form-action 'self' github.com gist.github.com; frame-ancestors 'none'; frame-src render.githubusercontent.com; img-src 'self' data: github.githubassets.com identicons.github.com collector.githubapp.com github-cloud.s3.amazonaws.com secured-user-images.githubusercontent.com/ *.githubusercontent.com; manifest-src 'self'; media-src 'none'; script-src github.githubassets.com; style-src 'unsafe-inline' github.githubassets.com; worker-src github.com/socket-worker-3f088aa2.js gist.github.com/socket-worker-3f088aa2.js","x-github-request-id":"FD4C:1A1F:1D99ED:20BEA5:6072C995"}
[debug] [2021-04-11T10:04:07.268Z] >>> [apiv2][query] GET https://api.github.com/user [none]
[debug] [2021-04-11T10:04:07.863Z] <<< [apiv2][status] GET https://api.github.com/user 200
[debug] [2021-04-11T10:04:07.863Z] <<< [apiv2][body] GET https://api.github.com/user {"login":"Himu1503","id":54092681,"node_id":"MDQ6VXNlcjU0MDkyNjgx","avatar_url":"https://avatars.githubusercontent.com/u/54092681?v=4","gravatar_id":"","url":"https://api.github.com/users/Himu1503","html_url":"https://github.com/Himu1503","followers_url":"https://api.github.com/users/Himu1503/followers","following_url":"https://api.github.com/users/Himu1503/following{/other_user}","gists_url":"https://api.github.com/users/Himu1503/gists{/gist_id}","starred_url":"https://api.github.com/users/Himu1503/starred{/owner}{/repo}","subscriptions_url":"https://api.github.com/users/Himu1503/subscriptions","organizations_url":"https://api.github.com/users/Himu1503/orgs","repos_url":"https://api.github.com/users/Himu1503/repos","events_url":"https://api.github.com/users/Himu1503/events{/privacy}","received_events_url":"https://api.github.com/users/Himu1503/received_events","type":"User","site_admin":false,"name":"Himanshu Saxena","company":null,"blog":"","location":null,"email":null,"hireable":null,"bio":"Always a student/Hustling","twitter_username":null,"public_repos":3,"public_gists":0,"followers":0,"following":1,"created_at":"2019-08-14T04:37:04Z","updated_at":"2021-04-11T10:04:05Z","private_gists":0,"total_private_repos":1,"owned_private_repos":1,"disk_usage":28,"collaborators":0,"two_factor_authentication":false,"plan":{"name":"free","space":976562499,"collaborators":0,"private_repos":10000}}
[info] 
[info] +  Success! Logged into GitHub as Himu1503 
[info] 
